Assembler report for PicoCTR
Tue Jun 07 10:56:01 2016
Quartus II 64-Bit Version 15.0.0 Build 145 04/22/2015 SJ Web Edition


---------------------
; Table of Contents ;
---------------------
  1. Legal Notice
  2. Assembler Summary
  3. Assembler Settings
  4. Assembler Generated Files
  5. Assembler Device Options: C:/Users/hogar/Documents/Trabajo FPGAs/SystemBuilder/CodeGenerated/DE0_NANO_SOC/PicoCTR/PicoCTR.sof
  6. Assembler Messages



----------------
; Legal Notice ;
----------------
Copyright (C) 1991-2015 Altera Corporation. All rights reserved.
Your use of Altera Corporation's design tools, logic functions 
and other software and tools, and its AMPP partner logic 
functions, and any output files from any of the foregoing 
(including device programming or simulation files), and any 
associated documentation or information are expressly subject 
to the terms and conditions of the Altera Program License 
Subscription Agreement, the Altera Quartus II License Agreement,
the Altera MegaCore Function License Agreement, or other 
applicable license agreement, including, without limitation, 
that your use is for the sole purpose of programming logic 
devices manufactured by Altera and sold by Altera or its 
authorized distributors.  Please refer to the applicable 
agreement for further details.



+---------------------------------------------------------------+
; Assembler Summary                                             ;
+-----------------------+---------------------------------------+
; Assembler Status      ; Successful - Tue Jun 07 10:56:01 2016 ;
; Revision Name         ; PicoCTR                               ;
; Top-level Entity Name ; PicoCTR                               ;
; Family                ; Cyclone V                             ;
; Device                ; 5CSEMA4U23C6                          ;
+-----------------------+---------------------------------------+


+----------------------------------+
; Assembler Settings               ;
+--------+---------+---------------+
; Option ; Setting ; Default Value ;
+--------+---------+---------------+


+-----------------------------------------------------------------------------------------------------+
; Assembler Generated Files                                                                           ;
+-----------------------------------------------------------------------------------------------------+
; File Name                                                                                           ;
+-----------------------------------------------------------------------------------------------------+
; C:/Users/hogar/Documents/Trabajo FPGAs/SystemBuilder/CodeGenerated/DE0_NANO_SOC/PicoCTR/PicoCTR.sof ;
+-----------------------------------------------------------------------------------------------------+


+-------------------------------------------------------------------------------------------------------------------------------+
; Assembler Device Options: C:/Users/hogar/Documents/Trabajo FPGAs/SystemBuilder/CodeGenerated/DE0_NANO_SOC/PicoCTR/PicoCTR.sof ;
+----------------+--------------------------------------------------------------------------------------------------------------+
; Option         ; Setting                                                                                                      ;
+----------------+--------------------------------------------------------------------------------------------------------------+
; Device         ; 5CSEMA4U23C6                                                                                                 ;
; JTAG usercode  ; 0x00447AEC                                                                                                   ;
; Checksum       ; 0x00447AEC                                                                                                   ;
+----------------+--------------------------------------------------------------------------------------------------------------+


+--------------------+
; Assembler Messages ;
+--------------------+
Info: *******************************************************************
Info: Running Quartus II 64-Bit Assembler
    Info: Version 15.0.0 Build 145 04/22/2015 SJ Web Edition
    Info: Processing started: Tue Jun 07 10:55:48 2016
Info: Command: quartus_asm --read_settings_files=off --write_settings_files=off PicoCTR -c PicoCTR
Info (115030): Assembler is generating device programming files
Info: Quartus II 64-Bit Assembler was successful. 0 errors, 0 warnings
    Info: Peak virtual memory: 730 megabytes
    Info: Processing ended: Tue Jun 07 10:56:01 2016
    Info: Elapsed time: 00:00:13
    Info: Total CPU time (on all processors): 00:00:13


